Salt Bridges Plugin, Version 1.0
Fri Aug 25 16:42:15 -04 2023

Parameters used in the calculation of salt bridges:
- Atomselection: protein
- Update selections every frame: yes
- Initial frame: 0
- Frame step: 1
- Final frame: 59999
- Oxygen-nitrogen cut-off: 4.5
- Center of mass cut-off: none
- Write a file for each salt bridge: yes

Searching for ion-pairs with oxygen-nitrogen distance within 4.5 Angstroms in the selected frames... Done.
Removing redundancies in the ion-pairs found... Done.
Extracting identification of each salt bridge... Done.
Found 84 salt bridges.

ASP64-ARG95
GLU266-ARG200
GLU266-ARG264
GLU157-ARG161
GLU266-ARG223
GLU84-ARG127
GLU143-ARG151
GLU158-ARG151
GLU182-ARG151
GLU182-ARG204
GLU191-ARG232
GLU191-ARG161
GLU182-ARG200
GLU87-ARG127
ASP69-ARG71
GLU191-LYS169
ASP104-LYS174
ASP22-LYS76
GLU266-LYS235
GLU233-ARG264
GLU155-ARG148
GLU181-LYS235
ASP185-LYS174
GLU181-LYS174
GLU143-LYS110
GLU233-ARG223
GLU154-ARG161
GLU266-LYS24
GLU141-LYS110
GLU182-LYS110
GLU154-ARG195
ASP12-LYS24
ASP189-ARG232
GLU229-ARG232
GLU153-ARG195
GLU153-ARG200
ASP189-LYS169
GLU233-ARG232
GLU179-ARG204
GLU266-LYS263
GLU158-ARG161
GLU158-ARG148
ASP73-ARG71
GLU157-ARG195
GLU266-ARG232
GLU91-ARG94
GLU182-ARG195
GLU122-LYS125
GLU68-ARG71
GLU68-ARG95
ASP226-LYS169
ASP226-ARG232
ASP185-ARG232
GLU126-LYS125
GLU181-ARG204
ASP185-LYS235
GLU179-LYS110
GLU181-ARG151
GLU158-ARG162
GLU229-ARG264
GLU91-ARG127
ASP12-LYS110
ASP113-LYS110
ASP119-ARG127
GLU87-ARG94
GLU266-LYS243
GLU57-ARG95
GLU181-LYS243
GLU68-ARG99
GLU155-ARG162
GLU181-LYS110
ASP104-LYS76
GLU179-ARG200
GLU179-ARG151
GLU91-ARG95
ASP73-ARG99
GLU141-LYS174
GLU182-LYS174
GLU155-ARG151
GLU266-ARG204
GLU154-ARG151
GLU181-ARG200
GLU122-ARG127
GLU126-ARG127

Printing distances over all frames for each salt-bridge... Done.
